<?xml version="1.0" encoding="UTF-8"?>
<testng-results ignored="0" total="1" passed="1" failed="0" skipped="0">
  <reporter-output>
  </reporter-output>
  <suite started-at="2022-10-20T20:50:44 IST" name="Surefire suite" finished-at="2022-10-20T20:51:00 IST" duration-ms="16099">
    <groups>
    </groups>
    <test started-at="2022-10-20T20:50:44 IST" name="Surefire test" finished-at="2022-10-20T20:51:00 IST" duration-ms="16099">
      <class name="Demo.test1">
        <test-method is-config="true" signature="setUp()[pri:0, instance:Demo.test1@2f177a4b]" started-at="2022-10-20T20:50:44 IST" name="setUp" finished-at="2022-10-20T20:50:46 IST" duration-ms="2411" status="PASS">
          <reporter-output>
          </reporter-output>
        </test-method> <!-- setUp -->
        <test-method signature="test1()[pri:0, instance:Demo.test1@2f177a4b]" started-at="2022-10-20T20:50:46 IST" name="test1" finished-at="2022-10-20T20:51:00 IST" duration-ms="13212" status="PASS">
          <reporter-output>
          </reporter-output>
        </test-method> <!-- test1 -->
        <test-method is-config="true" signature="tearDown()[pri:0, instance:Demo.test1@2f177a4b]" started-at="2022-10-20T20:51:00 IST" name="tearDown" finished-at="2022-10-20T20:51:00 IST" duration-ms="430" status="PASS">
          <reporter-output>
          </reporter-output>
        </test-method> <!-- tearDown -->
      </class> <!-- Demo.test1 -->
    </test> <!-- Surefire test -->
  </suite> <!-- Surefire suite -->
</testng-results>
